D:\CODE\VISUAL STUDIO PROJECTS\CLOUD_GAME_FINAL\RELEASE\UTILITY.LIB
D:\CODE\VISUAL STUDIO PROJECTS\CLOUD_GAME_FINAL\UTILITY\RELEASE\BIT_SET.OBJ
D:\CODE\VISUAL STUDIO PROJECTS\CLOUD_GAME_FINAL\UTILITY\RELEASE\BUFFER.OBJ
D:\code\visual studio projects\cloud_game_final\utility\Release\cl.command.1.tlog
D:\code\visual studio projects\cloud_game_final\utility\Release\CL.read.1.tlog
D:\code\visual studio projects\cloud_game_final\utility\Release\CL.write.1.tlog
D:\CODE\VISUAL STUDIO PROJECTS\CLOUD_GAME_FINAL\UTILITY\RELEASE\COMMAND_CLIENT.OBJ
D:\CODE\VISUAL STUDIO PROJECTS\CLOUD_GAME_FINAL\UTILITY\RELEASE\COMMAND_RECORDER.OBJ
D:\CODE\VISUAL STUDIO PROJECTS\CLOUD_GAME_FINAL\UTILITY\RELEASE\COMMAND_SERVER.OBJ
D:\CODE\VISUAL STUDIO PROJECTS\CLOUD_GAME_FINAL\UTILITY\RELEASE\COMPRESSOR.OBJ
D:\CODE\VISUAL STUDIO PROJECTS\CLOUD_GAME_FINAL\UTILITY\RELEASE\CONFIG.OBJ
D:\CODE\VISUAL STUDIO PROJECTS\CLOUD_GAME_FINAL\UTILITY\RELEASE\FLOAT_HELPER.OBJ
D:\CODE\VISUAL STUDIO PROJECTS\CLOUD_GAME_FINAL\UTILITY\RELEASE\HASH.OBJ
D:\CODE\VISUAL STUDIO PROJECTS\CLOUD_GAME_FINAL\UTILITY\RELEASE\HASH_SET.OBJ
D:\code\visual studio projects\cloud_game_final\utility\Release\lib.command.1.tlog
D:\code\visual studio projects\cloud_game_final\utility\Release\Lib-link.read.1.tlog
D:\code\visual studio projects\cloud_game_final\utility\Release\Lib-link.write.1.tlog
D:\CODE\VISUAL STUDIO PROJECTS\CLOUD_GAME_FINAL\UTILITY\RELEASE\LOG.OBJ
D:\CODE\VISUAL STUDIO PROJECTS\CLOUD_GAME_FINAL\UTILITY\RELEASE\MINILZO.OBJ
D:\CODE\VISUAL STUDIO PROJECTS\CLOUD_GAME_FINAL\UTILITY\RELEASE\NETWORK.OBJ
D:\CODE\VISUAL STUDIO PROJECTS\CLOUD_GAME_FINAL\UTILITY\RELEASE\VC100.PDB
